#
# A fatal error has been detected by the Java Runtime Environment:
#
#  Internal Error (methodData.cpp:1025), pid=9619, tid=0x0000000000005203
#  Error: ShouldNotReachHere()
#
# JRE version: OpenJDK Runtime Environment (8.0_152-b06) (build 1.8.0_152-release-1136-b06)
# Java VM: OpenJDK 64-Bit Server VM (25.152-b06 mixed mode bsd-amd64 compressed oops)
# Failed to write core dump. Core dumps have been disabled. To enable core dumping, try "ulimit -c unlimited" before starting Java again
#
# If you would like to submit a bug report, please visit:
#   http://bugreport.java.com/bugreport/crash.jsp
#

---------------  T H R E A D  ---------------

Current thread (0x00007f7f11055800):  VMThread [stack: 0x0000700000a22000,0x0000700000b22000] [id=20995]

Stack: [0x0000700000a22000,0x0000700000b22000],  sp=0x0000700000b21510,  free space=1021k
Native frames: (J=compiled Java code, j=interpreted, Vv=VM code, C=native code)
V  [libjvm.dylib+0x5700c5]  VMError::report_and_die()+0x3cb
V  [libjvm.dylib+0x1d7b9a]  report_vm_error(char const*, int, char const*, char const*)+0x54
V  [libjvm.dylib+0x42b047]  DataLayout::data_in()+0x61
V  [libjvm.dylib+0x42f260]  MethodData::clean_method_data(BoolObjectClosure*)+0x26
V  [libjvm.dylib+0x2a4246]  InstanceKlass::clean_method_data(BoolObjectClosure*)+0x34
V  [libjvm.dylib+0x2a4153]  InstanceKlass::clean_weak_instanceklass_links(BoolObjectClosure*)+0x1d
V  [libjvm.dylib+0x38b49f]  Klass::clean_weak_klass_links(BoolObjectClosure*, bool)+0x18f
V  [libjvm.dylib+0x49c254]  PSParallelCompact::marking_phase(ParCompactionManager*, bool, ParallelOldTracer*)+0x4d4
V  [libjvm.dylib+0x49b7ed]  PSParallelCompact::invoke_no_policy(bool)+0x3e9
V  [libjvm.dylib+0x49b3f2]  PSParallelCompact::invoke(bool)+0x5a
V  [libjvm.dylib+0x18f407]  CollectedHeap::collect_as_vm_thread(GCCause::Cause)+0x81
V  [libjvm.dylib+0x57120e]  VM_CollectForMetadataAllocation::doit()+0xa8
V  [libjvm.dylib+0x581064]  VM_Operation::evaluate()+0x46
V  [libjvm.dylib+0x580a00]  VMThread::evaluate_operation(VM_Operation*)+0x146
V  [libjvm.dylib+0x58045e]  VMThread::loop()+0xc0
V  [libjvm.dylib+0x580293]  VMThread::run()+0x73
V  [libjvm.dylib+0x45fb89]  java_start(Thread*)+0xfa
C  [libsystem_pthread.dylib+0x3661]  _pthread_body+0x154
C  [libsystem_pthread.dylib+0x350d]  _pthread_body+0x0
C  [libsystem_pthread.dylib+0x2bf9]  thread_start+0xd

VM_Operation (0x00007000019cb4d8): CollectForMetadataAllocation, mode: safepoint, requested by thread 0x00007f7f1627c800


---------------  P R O C E S S  ---------------

Java Threads: ( => current thread )
  0x00007f7f177c5000 JavaThread "ForkJoinPool.commonPool-worker-1" daemon [_thread_blocked, id=86535, stack(0x000070000382c000,0x000070000392c000)]
  0x00007f7f172b3000 JavaThread "stdout" daemon [_thread_in_native, id=32263, stack(0x0000700003626000,0x0000700003726000)]
  0x00007f7f1649b800 JavaThread "stderr" daemon [_thread_in_native, id=32007, stack(0x0000700003420000,0x0000700003520000)]
  0x00007f7f16665000 JavaThread "process reaper" daemon [_thread_in_native, id=39447, stack(0x0000700000438000,0x0000700000460000)]
  0x00007f7f138cd000 JavaThread "ForkJoinPool-34-worker-15" daemon [_thread_blocked, id=43779, stack(0x0000700004553000,0x0000700004653000)]
  0x00007f7f17179800 JavaThread "ForkJoinPool-34-worker-13" daemon [_thread_blocked, id=43523, stack(0x0000700004450000,0x0000700004550000)]
  0x00007f7f125d9800 JavaThread "ForkJoinPool-34-worker-14" daemon [_thread_blocked, id=31491, stack(0x000070000424a000,0x000070000434a000)]
  0x00007f7f12f58000 JavaThread "ForkJoinPool-34-worker-12" daemon [_thread_blocked, id=32515, stack(0x0000700004147000,0x0000700004247000)]
  0x00007f7f1621a800 JavaThread "ForkJoinPool-34-worker-0" daemon [_thread_blocked, id=37651, stack(0x0000700003a32000,0x0000700003b32000)]
  0x00007f7f13ccd800 JavaThread "ForkJoinPool-33-worker-0" daemon [_thread_blocked, id=40463, stack(0x0000700003729000,0x0000700003829000)]
  0x00007f7f12606000 JavaThread "ForkJoinPool-33-worker-2" daemon [_thread_blocked, id=22811, stack(0x0000700003523000,0x0000700003623000)]
  0x00007f7f12605800 JavaThread "ForkJoinPool-33-worker-1" daemon [_thread_blocked, id=35603, stack(0x0000700001ad5000,0x0000700001bd5000)]
  0x00007f7f16624000 JavaThread "ForkJoinPool.commonPool-worker-3" daemon [_thread_blocked, id=36635, stack(0x000070000331d000,0x000070000341d000)]
  0x00007f7f12784000 JavaThread "ForkJoinPool.commonPool-worker-2" daemon [_thread_blocked, id=24355, stack(0x0000700002c08000,0x0000700002d08000)]
  0x00007f7f17355000 JavaThread "Cache worker for Java compile cache (/Users/carlfowler/Desktop/TechniquesTrained/.gradle/4.6/javaCompile)" [_thread_blocked, id=29195, stack(0x000070000321a000,0x000070000331a000)]
  0x00007f7f11eb7800 JavaThread "stdout" daemon [_thread_in_native, id=22299, stack(0x0000700003117000,0x0000700003217000)]
  0x00007f7f1697b000 JavaThread "stderr" daemon [_thread_in_native, id=36115, stack(0x0000700003014000,0x0000700003114000)]
  0x00007f7f1697a000 JavaThread "process reaper" daemon [_thread_in_native, id=28691, stack(0x000070000040d000,0x0000700000435000)]
  0x00007f7f1627e800 JavaThread "pool-13-thread-1" [_thread_blocked, id=4383, stack(0x0000700002d0b000,0x0000700002e0b000)]
  0x00007f7f16681000 JavaThread "Cache worker for Build Output Cleanup Cache (/Users/carlfowler/Desktop/TechniquesTrained/.gradle/buildOutputCleanup)" [_thread_blocked, id=21787, stack(0x00007000027fc000,0x00007000028fc000)]
  0x00007f7f11f29000 JavaThread "Cache worker for task history cache (/Users/carlfowler/Desktop/TechniquesTrained/.gradle/4.6/taskHistory)" [_thread_blocked, id=38935, stack(0x00007000026f9000,0x00007000027f9000)]
  0x00007f7f1761b000 JavaThread "Cache worker for file content cache (/Users/carlfowler/Desktop/TechniquesTrained/.gradle/4.6/fileContent)" [_thread_blocked, id=38675, stack(0x00007000025f6000,0x00007000026f6000)]
  0x00007f7f17ec6000 JavaThread "Build operations Thread 4" [_thread_blocked, id=28947, stack(0x00007000022ed000,0x00007000023ed000)]
  0x00007f7f16aa0800 JavaThread "Build operations Thread 3" [_thread_blocked, id=37391, stack(0x00007000021ea000,0x00007000022ea000)]
  0x00007f7f17733800 JavaThread "Build operations Thread 2" [_thread_blocked, id=27919, stack(0x00007000020e7000,0x00007000021e7000)]
  0x00007f7f178d3800 JavaThread "Build operations" [_thread_blocked, id=43023, stack(0x0000700001fe4000,0x00007000020e4000)]
  0x00007f7f17979000 JavaThread "Cache worker for Artifact transforms cache (/Users/carlfowler/.gradle/caches/transforms-1)" [_thread_blocked, id=39959, stack(0x0000700001ee1000,0x0000700001fe1000)]
  0x00007f7f16f47800 JavaThread "Cache worker for file hash cache (/Users/carlfowler/Desktop/TechniquesTrained/.gradle/4.6/fileHashes)" [_thread_blocked, id=41239, stack(0x0000700001dde000,0x0000700001ede000)]
  0x00007f7f12535000 JavaThread "Asynchronous log dispatcher for DefaultDaemonConnection: socket connection from /127.0.0.1:52657 to /127.0.0.1:54641" [_thread_blocked, id=3867, stack(0x00007000019d2000,0x0000700001ad2000)]
  0x00007f7f1627c800 JavaThread "Daemon worker Thread 3" [_thread_blocked, id=25615, stack(0x00007000018cf000,0x00007000019cf000)]
  0x00007f7f17e75800 JavaThread "Cancel handler" [_thread_blocked, id=37131, stack(0x00007000017cc000,0x00007000018cc000)]
  0x00007f7f126d9000 JavaThread "Handler for socket connection from /127.0.0.1:52657 to /127.0.0.1:54641" [_thread_in_native, id=16395, stack(0x00007000016c9000,0x00007000017c9000)]
  0x00007f7f17803800 JavaThread "Daemon Thread 3" [_thread_blocked, id=3343, stack(0x00007000015c6000,0x00007000016c6000)]
  0x00007f7f152ae000 JavaThread "MarlinRenderer Disposer" daemon [_thread_blocked, id=27399, stack(0x0000700002f11000,0x0000700003011000)]
  0x00007f7f126d8800 JavaThread "Java2D Disposer" daemon [_thread_blocked, id=26631, stack(0x0000700002e0e000,0x0000700002f0e000)]
  0x00007f7f13d41000 JavaThread "AWT-AppKit" daemon [_thread_in_native, id=775, stack(0x00007ffee24db000,0x00007ffee2cdb000)]
  0x00007f7f1658f800 JavaThread "pool-1-thread-1" [_thread_blocked, id=24835, stack(0x00007000024f3000,0x00007000025f3000)]
  0x00007f7f165ae800 JavaThread "Memory manager" [_thread_blocked, id=40963, stack(0x00007000023f0000,0x00007000024f0000)]
  0x00007f7f1169c000 JavaThread "File lock request listener" [_thread_in_native, id=42499, stack(0x0000700001cdb000,0x0000700001ddb000)]
  0x00007f7f11c8d800 JavaThread "Cache worker for file hash cache (/Users/carlfowler/.gradle/caches/4.6/fileHashes)" [_thread_blocked, id=23043, stack(0x0000700001bd8000,0x0000700001cd8000)]
  0x00007f7f11c32800 JavaThread "Daemon periodic checks" [_thread_blocked, id=15619, stack(0x00007000014c3000,0x00007000015c3000)]
  0x00007f7f12351000 JavaThread "Incoming local TCP Connector on port 52657" [_thread_in_native, id=17411, stack(0x00007000013c0000,0x00007000014c0000)]
  0x00007f7f12826800 JavaThread "Service Thread" daemon [_thread_blocked, id=14339, stack(0x00007000011ba000,0x00007000012ba000)]
  0x00007f7f12030000 JavaThread "C1 CompilerThread2" daemon [_thread_blocked, id=17667, stack(0x00007000010b7000,0x00007000011b7000)]
  0x00007f7f1202f000 JavaThread "C2 CompilerThread1" daemon [_thread_blocked, id=18179, stack(0x0000700000fb4000,0x00007000010b4000)]
  0x00007f7f1281b800 JavaThread "C2 CompilerThread0" daemon [_thread_blocked, id=18435, stack(0x0000700000eb1000,0x0000700000fb1000)]
  0x00007f7f12808800 JavaThread "Signal Dispatcher" daemon [_thread_blocked, id=13579, stack(0x0000700000dae000,0x0000700000eae000)]
  0x00007f7f1201c000 JavaThread "Finalizer" daemon [_thread_blocked, id=19971, stack(0x0000700000c28000,0x0000700000d28000)]
  0x00007f7f12805000 JavaThread "Reference Handler" daemon [_thread_blocked, id=20483, stack(0x0000700000b25000,0x0000700000c25000)]
  0x00007f7f12007000 JavaThread "main" [_thread_blocked, id=5891, stack(0x0000700000513000,0x0000700000613000)]

Other Threads:
=>0x00007f7f11055800 VMThread [stack: 0x0000700000a22000,0x0000700000b22000] [id=20995]
  0x00007f7f1281b000 WatcherThread [stack: 0x00007000012bd000,0x00007000013bd000] [id=14851]

VM state:at safepoint (normal execution)

VM Mutex/Monitor currently owned by a thread:  ([mutex/lock_event])
[0x00007f7f10e02e30] Threads_lock - owner thread: 0x00007f7f11055800
[0x00007f7f10e03330] Heap_lock - owner thread: 0x00007f7f1627c800

Heap:
 PSYoungGen      total 429056K, used 21424K [0x00000007a0000000, 0x00000007bd000000, 0x00000007c0000000)
  eden space 389120K, 0% used [0x00000007a0000000,0x00000007a0000000,0x00000007b7c00000)
  from space 39936K, 53% used [0x00000007ba900000,0x00000007bbdec2b8,0x00000007bd000000)
  to   space 43008K, 0% used [0x00000007b7c00000,0x00000007b7c00000,0x00000007ba600000)
 ParOldGen       total 142848K, used 88628K [0x0000000760000000, 0x0000000768b80000, 0x00000007a0000000)
  object space 142848K, 62% used [0x0000000760000000,0x000000076568d348,0x0000000768b80000)
 Metaspace       used 93863K, capacity 98228K, committed 98304K, reserved 1134592K
  class space    used 11820K, capacity 12760K, committed 12800K, reserved 1048576K

Card table byte_map: [0x000000010e651000,0x000000010e952000] byte_map_base: 0x000000010ab51000

Marking Bits: (ParMarkBitMap*) 0x000000010d7878f8
 Begin Bits: [0x000000010eb52000, 0x0000000110352000)
 End Bits:   [0x0000000110352000, 0x0000000111b52000)

Polling page: 0x000000010d9f7000

CodeCache: size=245760Kb used=56035Kb max_used=57057Kb free=189724Kb
 bounds [0x000000011766f000, 0x000000011ae7f000, 0x000000012666f000]
 total_blobs=18920 nmethods=17945 adapters=887
 compilation: enabled

Compilation events (10 events):
Event: 10575.793 Thread 0x00007f7f12030000 nmethod 22763 0x000000011a32da50 code [0x000000011a32dbe0, 0x000000011a32de38]
Event: 10575.795 Thread 0x00007f7f12030000 22762       2       org.gradle.internal.progress.OperationFinishEvent::<init> (27 bytes)
Event: 10575.797 Thread 0x00007f7f12030000 nmethod 22762 0x000000011791a850 code [0x000000011791a9a0, 0x000000011791ab30]
Event: 10575.799 Thread 0x00007f7f12030000 22760       2       org.gradle.internal.logging.services.TextStreamOutputEventListener::onOutput (45 bytes)
Event: 10575.800 Thread 0x00007f7f12030000 nmethod 22760 0x000000011a49a4d0 code [0x000000011a49a660, 0x000000011a49a998]
Event: 10575.927 Thread 0x00007f7f12030000 22764       2       sun.misc.ProxyGenerator$ConstantPool::write (64 bytes)
Event: 10575.928 Thread 0x00007f7f12030000 nmethod 22764 0x00000001178438d0 code [0x0000000117843aa0, 0x0000000117843f28]
Event: 10575.947 Thread 0x00007f7f12030000 22765       2       org.gradle.model.collection.internal.BridgedCollections$1$1::execute (135 bytes)
Event: 10575.950 Thread 0x00007f7f12030000 nmethod 22765 0x000000011ad0ad50 code [0x000000011ad0afe0, 0x000000011ad0bcf8]
Event: 10575.956 Thread 0x00007f7f12030000 22774       2       org.gradle.model.internal.registry.DefaultModelRegistry$TransitionNodeToState::apply (120 bytes)

GC Heap History (10 events):
Event: 10562.574 GC heap after
Heap after GC invocations=29 (full 3):
 PSYoungGen      total 343552K, used 24310K [0x00000007a0000000, 0x00000007b7800000, 0x00000007c0000000)
  eden space 306176K, 0% used [0x00000007a0000000,0x00000007a0000000,0x00000007b2b00000)
  from space 37376K, 65% used [0x00000007b4f80000,0x00000007b673d848,0x00000007b7400000)
  to   space 37376K, 0% used [0x00000007b2b00000,0x00000007b2b00000,0x00000007b4f80000)
 ParOldGen       total 142848K, used 60037K [0x0000000760000000, 0x0000000768b80000, 0x00000007a0000000)
  object space 142848K, 42% used [0x0000000760000000,0x0000000763aa15e8,0x0000000768b80000)
 Metaspace       used 92308K, capacity 96426K, committed 96512K, reserved 1132544K
  class space    used 11627K, capacity 12511K, committed 12544K, reserved 1048576K
}
Event: 10564.325 GC heap before
{Heap before GC invocations=30 (full 3):
 PSYoungGen      total 343552K, used 330486K [0x00000007a0000000, 0x00000007b7800000, 0x00000007c0000000)
  eden space 306176K, 100% used [0x00000007a0000000,0x00000007b2b00000,0x00000007b2b00000)
  from space 37376K, 65% used [0x00000007b4f80000,0x00000007b673d848,0x00000007b7400000)
  to   space 37376K, 0% used [0x00000007b2b00000,0x00000007b2b00000,0x00000007b4f80000)
 ParOldGen       total 142848K, used 60037K [0x0000000760000000, 0x0000000768b80000, 0x00000007a0000000)
  object space 142848K, 42% used [0x0000000760000000,0x0000000763aa15e8,0x0000000768b80000)
 Metaspace       used 92347K, capacity 96490K, committed 96768K, reserved 1134592K
  class space    used 11627K, capacity 12511K, committed 12544K, reserved 1048576K
Event: 10564.382 GC heap after
Heap after GC invocations=30 (full 3):
 PSYoungGen      total 343552K, used 23175K [0x00000007a0000000, 0x00000007b9800000, 0x00000007c0000000)
  eden space 306176K, 0% used [0x00000007a0000000,0x00000007a0000000,0x00000007b2b00000)
  from space 37376K, 62% used [0x00000007b2b00000,0x00000007b41a1e78,0x00000007b4f80000)
  to   space 36352K, 0% used [0x00000007b7480000,0x00000007b7480000,0x00000007b9800000)
 ParOldGen       total 142848K, used 62538K [0x0000000760000000, 0x0000000768b80000, 0x00000007a0000000)
  object space 142848K, 43% used [0x0000000760000000,0x0000000763d12a18,0x0000000768b80000)
 Metaspace       used 92347K, capacity 96490K, committed 96768K, reserved 1134592K
  class space    used 11627K, capacity 12511K, committed 12544K, reserved 1048576K
}
Event: 10566.122 GC heap before
{Heap before GC invocations=31 (full 3):
 PSYoungGen      total 343552K, used 329351K [0x00000007a0000000, 0x00000007b9800000, 0x00000007c0000000)
  eden space 306176K, 100% used [0x00000007a0000000,0x00000007b2b00000,0x00000007b2b00000)
  from space 37376K, 62% used [0x00000007b2b00000,0x00000007b41a1e78,0x00000007b4f80000)
  to   space 36352K, 0% used [0x00000007b7480000,0x00000007b7480000,0x00000007b9800000)
 ParOldGen       total 142848K, used 62538K [0x0000000760000000, 0x0000000768b80000, 0x00000007a0000000)
  object space 142848K, 43% used [0x0000000760000000,0x0000000763d12a18,0x0000000768b80000)
 Metaspace       used 92483K, capacity 96694K, committed 96768K, reserved 1134592K
  class space    used 11641K, capacity 12525K, committed 12544K, reserved 1048576K
Event: 10566.186 GC heap after
Heap after GC invocations=31 (full 3):
 PSYoungGen      total 382464K, used 17821K [0x00000007a0000000, 0x00000007b9800000, 0x00000007c0000000)
  eden space 346112K, 0% used [0x00000007a0000000,0x00000007a0000000,0x00000007b5200000)
  from space 36352K, 49% used [0x00000007b7480000,0x00000007b85e7758,0x00000007b9800000)
  to   space 35328K, 0% used [0x00000007b5200000,0x00000007b5200000,0x00000007b7480000)
 ParOldGen       total 142848K, used 65059K [0x0000000760000000, 0x0000000768b80000, 0x00000007a0000000)
  object space 142848K, 45% used [0x0000000760000000,0x0000000763f88dd0,0x0000000768b80000)
 Metaspace       used 92483K, capacity 96694K, committed 96768K, reserved 1134592K
  class space    used 11641K, capacity 12525K, committed 12544K, reserved 1048576K
}
Event: 10571.305 GC heap before
{Heap before GC invocations=32 (full 3):
 PSYoungGen      total 382464K, used 362401K [0x00000007a0000000, 0x00000007b9800000, 0x00000007c0000000)
  eden space 346112K, 99% used [0x00000007a0000000,0x00000007b5080ce8,0x00000007b5200000)
  from space 36352K, 49% used [0x00000007b7480000,0x00000007b85e7758,0x00000007b9800000)
  to   space 35328K, 0% used [0x00000007b5200000,0x00000007b5200000,0x00000007b7480000)
 ParOldGen       total 142848K, used 65059K [0x0000000760000000, 0x0000000768b80000, 0x00000007a0000000)
  object space 142848K, 45% used [0x0000000760000000,0x0000000763f88dd0,0x0000000768b80000)
 Metaspace       used 93071K, capacity 97310K, committed 97408K, reserved 1134592K
  class space    used 11694K, capacity 12581K, committed 12672K, reserved 1048576K
Event: 10571.424 GC heap after
Heap after GC invocations=32 (full 3):
 PSYoungGen      total 381440K, used 35320K [0x00000007a0000000, 0x00000007bd480000, 0x00000007c0000000)
  eden space 346112K, 0% used [0x00000007a0000000,0x00000007a0000000,0x00000007b5200000)
  from space 35328K, 99% used [0x00000007b5200000,0x00000007b747e3b0,0x00000007b7480000)
  to   space 44544K, 0% used [0x00000007ba900000,0x00000007ba900000,0x00000007bd480000)
 ParOldGen       total 142848K, used 78930K [0x0000000760000000, 0x0000000768b80000, 0x00000007a0000000)
  object space 142848K, 55% used [0x0000000760000000,0x0000000764d14b70,0x0000000768b80000)
 Metaspace       used 93071K, capacity 97310K, committed 97408K, reserved 1134592K
  class space    used 11694K, capacity 12581K, committed 12672K, reserved 1048576K
}
Event: 10575.956 GC heap before
{Heap before GC invocations=33 (full 3):
 PSYoungGen      total 381440K, used 363240K [0x00000007a0000000, 0x00000007bd480000, 0x00000007c0000000)
  eden space 346112K, 94% used [0x00000007a0000000,0x00000007b403bd48,0x00000007b5200000)
  from space 35328K, 99% used [0x00000007b5200000,0x00000007b747e3b0,0x00000007b7480000)
  to   space 44544K, 0% used [0x00000007ba900000,0x00000007ba900000,0x00000007bd480000)
 ParOldGen       total 142848K, used 78930K [0x0000000760000000, 0x0000000768b80000, 0x00000007a0000000)
  object space 142848K, 55% used [0x0000000760000000,0x0000000764d14b70,0x0000000768b80000)
 Metaspace       used 93863K, capacity 98228K, committed 98304K, reserved 1134592K
  class space    used 11820K, capacity 12760K, committed 12800K, reserved 1048576K
Event: 10576.052 GC heap after
Heap after GC invocations=33 (full 3):
 PSYoungGen      total 429056K, used 21424K [0x00000007a0000000, 0x00000007bd000000, 0x00000007c0000000)
  eden space 389120K, 0% used [0x00000007a0000000,0x00000007a0000000,0x00000007b7c00000)
  from space 39936K, 53% used [0x00000007ba900000,0x00000007bbdec2b8,0x00000007bd000000)
  to   space 43008K, 0% used [0x00000007b7c00000,0x00000007b7c00000,0x00000007ba600000)
 ParOldGen       total 142848K, used 88628K [0x0000000760000000, 0x0000000768b80000, 0x00000007a0000000)
  object space 142848K, 62% used [0x0000000760000000,0x000000076568d348,0x0000000768b80000)
 Metaspace       used 93863K, capacity 98228K, committed 98304K, reserved 1134592K
  class space    used 11820K, capacity 12760K, committed 12800K, reserved 1048576K
}
Event: 10576.052 GC heap before
{Heap before GC invocations=34 (full 4):
 PSYoungGen      total 429056K, used 21424K [0x00000007a0000000, 0x00000007bd000000, 0x00000007c0000000)
  eden space 389120K, 0% used [0x00000007a0000000,0x00000007a0000000,0x00000007b7c00000)
  from space 39936K, 53% used [0x00000007ba900000,0x00000007bbdec2b8,0x00000007bd000000)
  to   space 43008K, 0% used [0x00000007b7c00000,0x00000007b7c00000,0x00000007ba600000)
 ParOldGen       total 142848K, used 88628K [0x0000000760000000, 0x0000000768b80000, 0x00000007a0000000)
  object space 142848K, 62% used [0x0000000760000000,0x000000076568d348,0x0000000768b80000)
 Metaspace       used 93863K, capacity 98228K, committed 98304K, reserved 1134592K
  class space    used 11820K, capacity 12760K, committed 12800K, reserved 1048576K

Deoptimization events (10 events):
Event: 10572.851 Thread 0x00007f7f17dc5800 Uncommon trap: reason=array_check action=maybe_recompile pc=0x000000011ae14c98 method=java.util.TimSort.mergeLo(IIII)V @ 212
Event: 10572.856 Thread 0x00007f7f17dc5800 Uncommon trap: reason=array_check action=maybe_recompile pc=0x000000011ae01c48 method=java.util.TimSort.mergeHi(IIII)V @ 250
Event: 10573.270 Thread 0x00007f7f1627c800 Uncommon trap: reason=bimorphic action=maybe_recompile pc=0x000000011adfe9c8 method=java.util.stream.ReferencePipeline.forEachWithCancel(Ljava/util/Spliterator;Ljava/util/stream/Sink;)V @ 1
Event: 10573.594 Thread 0x00007f7f1627c800 Uncommon trap: reason=bimorphic action=maybe_recompile pc=0x00000001183a1798 method=java.io.DataInputStream.readUnsignedShort()I @ 4
Event: 10573.594 Thread 0x00007f7f1627c800 Uncommon trap: reason=bimorphic action=maybe_recompile pc=0x00000001183a1798 method=java.io.DataInputStream.readUnsignedShort()I @ 4
Event: 10575.476 Thread 0x00007f7f12784000 Uncommon trap: reason=class_check action=maybe_recompile pc=0x000000011913bdf8 method=com.google.common.collect.ImmutableMap.copyOf(Ljava/lang/Iterable;)Lcom/google/common/collect/ImmutableMap; @ 53
Event: 10575.479 Thread 0x00007f7f12784000 Uncommon trap: reason=unstable_if action=reinterpret pc=0x000000011990478c method=com.android.builder.files.RelativeFile.equals(Ljava/lang/Object;)Z @ 25
Event: 10575.526 Thread 0x00007f7f12784000 Uncommon trap: reason=unstable_if action=reinterpret pc=0x0000000117ad0b18 method=com.google.common.collect.RegularImmutableMap.fromEntryArray(I[Ljava/util/Map$Entry;)Lcom/google/common/collect/RegularImmutableMap; @ 123
Event: 10575.706 Thread 0x00007f7f16a73000 Uncommon trap: reason=class_check action=maybe_recompile pc=0x000000011a0caa08 method=java.util.TreeMap$KeySet.iterator()Ljava/util/Iterator; @ 25
Event: 10575.716 Thread 0x00007f7f16a73000 Uncommon trap: reason=class_check action=maybe_recompile pc=0x000000011a0caa08 method=java.util.TreeMap$KeySet.iterator()Ljava/util/Iterator; @ 25

Classes redefined (0 events):
No events

Internal exceptions (10 events):
Event: 10571.787 Thread 0x00007f7f17dc5800 Exception <a 'sun/nio/fs/UnixException'> (0x00000007a3337b30) thrown at [/Volumes/android/AOSP-openjdk-git/jdk8u/hotspot/src/share/vm/prims/jni.cpp, line 709]
Event: 10571.789 Thread 0x00007f7f12f88000 Exception <a 'sun/nio/fs/UnixException'> (0x00000007a3d70490) thrown at [/Volumes/android/AOSP-openjdk-git/jdk8u/hotspot/src/share/vm/prims/jni.cpp, line 709]
Event: 10571.806 Thread 0x00007f7f13ff0000 Exception <a 'sun/nio/fs/UnixException'> (0x00000007a3ff24b8) thrown at [/Volumes/android/AOSP-openjdk-git/jdk8u/hotspot/src/share/vm/prims/jni.cpp, line 709]
Event: 10571.863 Thread 0x00007f7f16219800 Exception <a 'sun/nio/fs/UnixException'> (0x00000007a46784d0) thrown at [/Volumes/android/AOSP-openjdk-git/jdk8u/hotspot/src/share/vm/prims/jni.cpp, line 709]
Event: 10573.191 Thread 0x00007f7f17dc5800 Exception <a 'sun/nio/fs/UnixException'> (0x00000007a9b77ac8) thrown at [/Volumes/android/AOSP-openjdk-git/jdk8u/hotspot/src/share/vm/prims/jni.cpp, line 709]
Event: 10573.268 Thread 0x00007f7f1627c800 Exception <a 'sun/nio/fs/UnixException'> (0x00000007a9c6b180) thrown at [/Volumes/android/AOSP-openjdk-git/jdk8u/hotspot/src/share/vm/prims/jni.cpp, line 709]
Event: 10573.605 Thread 0x00007f7f1627c800 Exception <a 'java/lang/NoSuchMethodError': java.lang.Object.lambda$comparing$ea9a8b3a$1(Ljava/util/Comparator;Ljava/util/function/Function;Ljava/lang/Object;Ljava/lang/Object;)I> (0x00000007a9cec3f0) thrown at [/Volumes/android/AOSP-openjdk-git/jdk8u/hot
Event: 10575.235 Thread 0x00007f7f16a73000 Exception <a 'sun/nio/fs/UnixException'> (0x00000007ac4fcba8) thrown at [/Volumes/android/AOSP-openjdk-git/jdk8u/hotspot/src/share/vm/prims/jni.cpp, line 709]
Event: 10575.460 Thread 0x00007f7f12784000 Exception <a 'sun/nio/fs/UnixException'> (0x00000007af29a708) thrown at [/Volumes/android/AOSP-openjdk-git/jdk8u/hotspot/src/share/vm/prims/jni.cpp, line 709]
Event: 10575.637 Thread 0x00007f7f12784000 Exception <a 'java/io/FileNotFoundException'> (0x00000007b371dce0) thrown at [/Volumes/android/AOSP-openjdk-git/jdk8u/hotspot/src/share/vm/prims/jni.cpp, line 709]

Events (10 events):
Event: 10575.930 loading class org/gradle/tooling/internal/adapter/ProtocolToModelAdapter$MethodInvocationCache$MethodInvocationKey done
Event: 10575.932 loading class org/gradle/internal/impldep/com/google/common/base/Optional
Event: 10575.932 loading class org/gradle/internal/impldep/com/google/common/base/Optional done
Event: 10575.933 loading class org/gradle/internal/impldep/com/google/common/base/Present
Event: 10575.933 loading class org/gradle/internal/impldep/com/google/common/base/Present done
Event: 10575.943 loading class org/gradle/internal/impldep/com/google/common/base/Objects
Event: 10575.943 loading class org/gradle/internal/impldep/com/google/common/base/Objects done
Event: 10575.954 loading class org/gradle/tooling/model/gradle/GradleScript
Event: 10575.954 loading class org/gradle/tooling/model/gradle/GradleScript done
Event: 10575.956 Executing VM operation: CollectForMetadataAllocation


Dynamic libraries:
0x00000000072c0000 	/System/Library/Frameworks/Cocoa.framework/Versions/A/Cocoa
0x00000000072c0000 	/System/Library/Frameworks/Security.framework/Versions/A/Security
0x00000000072c0000 	/System/Library/Frameworks/ApplicationServices.framework/Versions/A/ApplicationServices
0x00000000072c0000 	/usr/lib/libz.1.dylib
0x00000000072c0000 	/usr/lib/libSystem.B.dylib
0x00000000072c0000 	/System/Library/Frameworks/CoreFoundation.framework/Versions/A/CoreFoundation
0x00000000072c0000 	/System/Library/Frameworks/Foundation.framework/Versions/C/Foundation
0x00000000072c0000 	/usr/lib/libobjc.A.dylib
0x00000000072c0000 	/System/Library/Frameworks/AppKit.framework/Versions/C/AppKit
0x00000000072c0000 	/System/Library/Frameworks/CoreData.framework/Versions/A/CoreData
0x00000000072c0000 	/System/Library/PrivateFrameworks/RemoteViewServices.framework/Versions/A/RemoteViewServices
0x00000000072c0000 	/System/Library/PrivateFrameworks/UIFoundation.framework/Versions/A/UIFoundation
0x00000000072c0000 	/System/Library/PrivateFrameworks/DFRFoundation.framework/Versions/A/DFRFoundation
0x00000000072c0000 	/System/Library/Frameworks/Metal.framework/Versions/A/Metal
0x00000000072c0000 	/System/Library/PrivateFrameworks/DesktopServicesPriv.framework/Versions/A/DesktopServicesPriv
0x00000000072c0000 	/usr/lib/libenergytrace.dylib
0x00000000072c0000 	/System/Library/PrivateFrameworks/SkyLight.framework/Versions/A/SkyLight
0x00000000072c0000 	/System/Library/Frameworks/CoreGraphics.framework/Versions/A/CoreGraphics
0x00000000072c0000 	/usr/lib/libScreenReader.dylib
0x00000000072c0000 	/System/Library/Frameworks/Accelerate.framework/Versions/A/Accelerate
0x00000000072c0000 	/System/Library/Frameworks/IOSurface.framework/Versions/A/IOSurface
0x00000000072c0000 	/System/Library/Frameworks/AudioToolbox.framework/Versions/A/AudioToolbox
0x00000000072c0000 	/System/Library/Frameworks/AudioUnit.framework/Versions/A/AudioUnit
0x00000000072c0000 	/System/Library/PrivateFrameworks/DataDetectorsCore.framework/Versions/A/DataDetectorsCore
0x00000000072c0000 	/System/Library/Frameworks/Carbon.framework/Versions/A/Frameworks/HIToolbox.framework/Versions/A/HIToolbox
0x00000000072c0000 	/usr/lib/libicucore.A.dylib
0x00000000072c0000 	/System/Library/Frameworks/QuartzCore.framework/Versions/A/QuartzCore
0x00000000072c0000 	/System/Library/PrivateFrameworks/SignpostNotification.framework/Versions/A/SignpostNotification
0x00000000072c0000 	/System/Library/Frameworks/Carbon.framework/Versions/A/Frameworks/SpeechRecognition.framework/Versions/A/SpeechRecognition
0x00000000072c0000 	/usr/lib/libauto.dylib
0x00000000072c0000 	/usr/lib/libxml2.2.dylib
0x00000000072c0000 	/System/Library/PrivateFrameworks/CoreUI.framework/Versions/A/CoreUI
0x00000000072c0000 	/System/Library/Frameworks/CoreAudio.framework/Versions/A/CoreAudio
0x00000000072c0000 	/System/Library/Frameworks/DiskArbitration.framework/Versions/A/DiskArbitration
0x00000000072c0000 	/usr/lib/liblangid.dylib
0x00000000072c0000 	/System/Library/PrivateFrameworks/MultitouchSupport.framework/Versions/A/MultitouchSupport
0x00000000072c0000 	/System/Library/Frameworks/IOKit.framework/Versions/A/IOKit
0x00000000072c0000 	/usr/lib/libDiagnosticMessagesClient.dylib
0x00000000072c0000 	/System/Library/Frameworks/CoreServices.framework/Versions/A/CoreServices
0x00000000072c0000 	/System/Library/PrivateFrameworks/PerformanceAnalysis.framework/Versions/A/PerformanceAnalysis
0x00000000072c0000 	/System/Library/Frameworks/OpenGL.framework/Versions/A/OpenGL
0x00000000072c0000 	/System/Library/Frameworks/ColorSync.framework/Versions/A/ColorSync
0x00000000072c0000 	/System/Library/Frameworks/CoreImage.framework/Versions/A/CoreImage
0x00000000072c0000 	/System/Library/Frameworks/CoreText.framework/Versions/A/CoreText
0x00000000072c0000 	/System/Library/Frameworks/ImageIO.framework/Versions/A/ImageIO
0x00000000072c0000 	/System/Library/PrivateFrameworks/Backup.framework/Versions/A/Backup
0x00000000072c0000 	/usr/lib/libarchive.2.dylib
0x00000000072c0000 	/System/Library/Frameworks/CFNetwork.framework/Versions/A/CFNetwork
0x00000000072c0000 	/System/Library/Frameworks/SystemConfiguration.framework/Versions/A/SystemConfiguration
0x00000000072c0000 	/usr/lib/libCRFSuite.dylib
0x00000000072c0000 	/usr/lib/libc++.1.dylib
0x00000000072c0000 	/usr/lib/libc++abi.dylib
0x00000000072c0000 	/usr/lib/system/libcache.dylib
0x00000000072c0000 	/usr/lib/system/libcommonCrypto.dylib
0x00000000072c0000 	/usr/lib/system/libcompiler_rt.dylib
0x00000000072c0000 	/usr/lib/system/libcopyfile.dylib
0x00000000072c0000 	/usr/lib/system/libcorecrypto.dylib
0x00000000072c0000 	/usr/lib/system/libdispatch.dylib
0x00000000072c0000 	/usr/lib/system/libdyld.dylib
0x00000000072c0000 	/usr/lib/system/libkeymgr.dylib
0x00000000072c0000 	/usr/lib/system/liblaunch.dylib
0x00000000072c0000 	/usr/lib/system/libmacho.dylib
0x00000000072c0000 	/usr/lib/system/libquarantine.dylib
0x00000000072c0000 	/usr/lib/system/libremovefile.dylib
0x00000000072c0000 	/usr/lib/system/libsystem_asl.dylib
0x00000000072c0000 	/usr/lib/system/libsystem_blocks.dylib
0x00000000072c0000 	/usr/lib/system/libsystem_c.dylib
0x00000000072c0000 	/usr/lib/system/libsystem_configuration.dylib
0x00000000072c0000 	/usr/lib/system/libsystem_coreservices.dylib
0x00000000072c0000 	/usr/lib/system/libsystem_darwin.dylib
0x00000000072c0000 	/usr/lib/system/libsystem_dnssd.dylib
0x00000000072c0000 	/usr/lib/system/libsystem_info.dylib
0x00000000072c0000 	/usr/lib/system/libsystem_m.dylib
0x00000000072c0000 	/usr/lib/system/libsystem_malloc.dylib
0x00000000072c0000 	/usr/lib/system/libsystem_network.dylib
0x00000000072c0000 	/usr/lib/system/libsystem_networkextension.dylib
0x00000000072c0000 	/usr/lib/system/libsystem_notify.dylib
0x00000000072c0000 	/usr/lib/system/libsystem_sandbox.dylib
0x00000000072c0000 	/usr/lib/system/libsystem_secinit.dylib
0x00000000072c0000 	/usr/lib/system/libsystem_kernel.dylib
0x00000000072c0000 	/usr/lib/system/libsystem_platform.dylib
0x00000000072c0000 	/usr/lib/system/libsystem_pthread.dylib
0x00000000072c0000 	/usr/lib/system/libsystem_symptoms.dylib
0x00000000072c0000 	/usr/lib/system/libsystem_trace.dylib
0x00000000072c0000 	/usr/lib/system/libunwind.dylib
0x00000000072c0000 	/usr/lib/system/libxpc.dylib
0x00000000072c0000 	/usr/lib/closure/libclosured.dylib
0x00000000072c0000 	/usr/lib/libbsm.0.dylib
0x00000000072c0000 	/usr/lib/system/libkxld.dylib
0x00000000072c0000 	/usr/lib/libOpenScriptingUtil.dylib
0x00000000072c0000 	/usr/lib/libcoretls.dylib
0x00000000072c0000 	/usr/lib/libcoretls_cfhelpers.dylib
0x00000000072c0000 	/usr/lib/libpam.2.dylib
0x00000000072c0000 	/usr/lib/libsqlite3.dylib
0x00000000072c0000 	/usr/lib/libxar.1.dylib
0x00000000072c0000 	/usr/lib/libbz2.1.0.dylib
0x00000000072c0000 	/usr/lib/liblzma.5.dylib
0x00000000072c0000 	/usr/lib/libnetwork.dylib
0x00000000072c0000 	/usr/lib/libapple_nghttp2.dylib
0x00000000072c0000 	/usr/lib/libpcap.A.dylib
0x00000000072c0000 	/usr/lib/libboringssl.dylib
0x00000000072c0000 	/usr/lib/libusrtcp.dylib
0x00000000072c0000 	/usr/lib/libapple_crypto.dylib
0x00000000072c0000 	/System/Library/Frameworks/CoreServices.framework/Versions/A/Frameworks/FSEvents.framework/Versions/A/FSEvents
0x00000000072c0000 	/System/Library/Frameworks/CoreServices.framework/Versions/A/Frameworks/CarbonCore.framework/Versions/A/CarbonCore
0x00000000072c0000 	/System/Library/Frameworks/CoreServices.framework/Versions/A/Frameworks/Metadata.framework/Versions/A/Metadata
0x00000000072c0000 	/System/Library/Frameworks/CoreServices.framework/Versions/A/Frameworks/OSServices.framework/Versions/A/OSServices
0x00000000072c0000 	/System/Library/Frameworks/CoreServices.framework/Versions/A/Frameworks/SearchKit.framework/Versions/A/SearchKit
0x00000000072c0000 	/System/Library/Frameworks/CoreServices.framework/Versions/A/Frameworks/AE.framework/Versions/A/AE
0x00000000072c0000 	/System/Library/Frameworks/CoreServices.framework/Versions/A/Frameworks/LaunchServices.framework/Versions/A/LaunchServices
0x00000000072c0000 	/System/Library/Frameworks/CoreServices.framework/Versions/A/Frameworks/DictionaryServices.framework/Versions/A/DictionaryServices
0x00000000072c0000 	/System/Library/Frameworks/CoreServices.framework/Versions/A/Frameworks/SharedFileList.framework/Versions/A/SharedFileList
0x00000000072c0000 	/System/Library/Frameworks/NetFS.framework/Versions/A/NetFS
0x00000000072c0000 	/System/Library/PrivateFrameworks/NetAuth.framework/Versions/A/NetAuth
0x00000000072c0000 	/System/Library/PrivateFrameworks/login.framework/Versions/A/Frameworks/loginsupport.framework/Versions/A/loginsupport
0x00000000072c0000 	/System/Library/PrivateFrameworks/TCC.framework/Versions/A/TCC
0x00000000072c0000 	/usr/lib/libmecabra.dylib
0x00000000072c0000 	/System/Library/Frameworks/ApplicationServices.framework/Versions/A/Frameworks/ATS.framework/Versions/A/ATS
0x00000000072c0000 	/System/Library/Frameworks/ApplicationServices.framework/Versions/A/Frameworks/ColorSyncLegacy.framework/Versions/A/ColorSyncLegacy
0x00000000072c0000 	/System/Library/Frameworks/ApplicationServices.framework/Versions/A/Frameworks/HIServices.framework/Versions/A/HIServices
0x00000000072c0000 	/System/Library/Frameworks/ApplicationServices.framework/Versions/A/Frameworks/LangAnalysis.framework/Versions/A/LangAnalysis
0x00000000072c0000 	/System/Library/Frameworks/ApplicationServices.framework/Versions/A/Frameworks/PrintCore.framework/Versions/A/PrintCore
0x00000000072c0000 	/System/Library/Frameworks/ApplicationServices.framework/Versions/A/Frameworks/QD.framework/Versions/A/QD
0x00000000072c0000 	/System/Library/Frameworks/ApplicationServices.framework/Versions/A/Frameworks/SpeechSynthesis.framework/Versions/A/SpeechSynthesis
0x00000000072c0000 	/System/Library/Frameworks/CoreDisplay.framework/Versions/A/CoreDisplay
0x00000000072c0000 	/System/Library/Frameworks/Accelerate.framework/Versions/A/Frameworks/vImage.framework/Versions/A/vImage
0x00000000072c0000 	/System/Library/Frameworks/Accelerate.framework/Versions/A/Frameworks/vecLib.framework/Versions/A/vecLib
0x00000000072c0000 	/System/Library/Frameworks/Accelerate.framework/Versions/A/Frameworks/vecLib.framework/Versions/A/libvDSP.dylib
0x00000000072c0000 	/System/Library/Frameworks/Accelerate.framework/Versions/A/Frameworks/vecLib.framework/Versions/A/libBNNS.dylib
0x00000000072c0000 	/System/Library/Frameworks/Accelerate.framework/Versions/A/Frameworks/vecLib.framework/Versions/A/libQuadrature.dylib
0x00000000072c0000 	/System/Library/Frameworks/Accelerate.framework/Versions/A/Frameworks/vecLib.framework/Versions/A/libvMisc.dylib
0x00000000072c0000 	/System/Library/Frameworks/Accelerate.framework/Versions/A/Frameworks/vecLib.framework/Versions/A/libLAPACK.dylib
0x00000000072c0000 	/System/Library/Frameworks/Accelerate.framework/Versions/A/Frameworks/vecLib.framework/Versions/A/libBLAS.dylib
0x00000000072c0000 	/System/Library/Frameworks/Accelerate.framework/Versions/A/Frameworks/vecLib.framework/Versions/A/libLinearAlgebra.dylib
0x00000000072c0000 	/System/Library/Frameworks/Accelerate.framework/Versions/A/Frameworks/vecLib.framework/Versions/A/libSparse.dylib
0x00000000072c0000 	/System/Library/Frameworks/Accelerate.framework/Versions/A/Frameworks/vecLib.framework/Versions/A/libSparseBLAS.dylib
0x00000000072c0000 	/System/Library/PrivateFrameworks/GPUWrangler.framework/Versions/A/GPUWrangler
0x00000000072c0000 	/System/Library/PrivateFrameworks/IOAccelerator.framework/Versions/A/IOAccelerator
0x00000000072c0000 	/System/Library/PrivateFrameworks/IOPresentment.framework/Versions/A/IOPresentment
0x00000000072c0000 	/System/Library/PrivateFrameworks/DSExternalDisplay.framework/Versions/A/DSExternalDisplay
0x00000000072c0000 	/System/Library/Frameworks/OpenGL.framework/Versions/A/Libraries/libCoreFSCache.dylib
0x00000000072c0000 	/System/Library/Frameworks/CoreVideo.framework/Versions/A/CoreVideo
0x00000000072c0000 	/System/Library/PrivateFrameworks/GraphVisualizer.framework/Versions/A/GraphVisualizer
0x00000000072c0000 	/System/Library/Frameworks/MetalPerformanceShaders.framework/Versions/A/MetalPerformanceShaders
0x00000000072c0000 	/usr/lib/libFosl_dynamic.dylib
0x00000000072c0000 	/System/Library/PrivateFrameworks/FaceCore.framework/Versions/A/FaceCore
0x00000000072c0000 	/System/Library/Frameworks/OpenCL.framework/Versions/A/OpenCL
0x00000000072c0000 	/usr/lib/libcompression.dylib
0x00000000072c0000 	/System/Library/Frameworks/ApplicationServices.framework/Versions/A/Frameworks/ATS.framework/Versions/A/Resources/libFontParser.dylib
0x00000000072c0000 	/System/Library/Frameworks/ApplicationServices.framework/Versions/A/Frameworks/ATS.framework/Versions/A/Resources/libFontRegistry.dylib
0x00000000072c0000 	/System/Library/Frameworks/ImageIO.framework/Versions/A/Resources/libJPEG.dylib
0x00000000072c0000 	/System/Library/Frameworks/ImageIO.framework/Versions/A/Resources/libTIFF.dylib
0x00000000072c0000 	/System/Library/Frameworks/ImageIO.framework/Versions/A/Resources/libPng.dylib
0x00000000072c0000 	/System/Library/Frameworks/ImageIO.framework/Versions/A/Resources/libGIF.dylib
0x00000000072c0000 	/System/Library/Frameworks/ImageIO.framework/Versions/A/Resources/libJP2.dylib
0x00000000072c0000 	/System/Library/Frameworks/ImageIO.framework/Versions/A/Resources/libRadiance.dylib
0x00000000072c0000 	/System/Library/PrivateFrameworks/AppleJPEG.framework/Versions/A/AppleJPEG
0x00000000072c0000 	/System/Library/Frameworks/MetalPerformanceShaders.framework/Frameworks/MPSCore.framework/Versions/A/MPSCore
0x00000000072c0000 	/System/Library/Frameworks/MetalPerformanceShaders.framework/Frameworks/MPSImage.framework/Versions/A/MPSImage
0x00000000072c0000 	/System/Library/Frameworks/MetalPerformanceShaders.framework/Frameworks/MPSNeuralNetwork.framework/Versions/A/MPSNeuralNetwork
0x00000000072c0000 	/System/Library/Frameworks/MetalPerformanceShaders.framework/Frameworks/MPSMatrix.framework/Versions/A/MPSMatrix
0x00000000072c0000 	/System/Library/PrivateFrameworks/MetalTools.framework/Versions/A/MetalTools
0x00000000072c0000 	/System/Library/Frameworks/OpenGL.framework/Versions/A/Libraries/libGLU.dylib
0x00000000072c0000 	/System/Library/Frameworks/OpenGL.framework/Versions/A/Libraries/libGFXShared.dylib
0x00000000072c0000 	/System/Library/Frameworks/OpenGL.framework/Versions/A/Libraries/libGL.dylib
0x00000000072c0000 	/System/Library/Frameworks/OpenGL.framework/Versions/A/Libraries/libGLImage.dylib
0x00000000072c0000 	/System/Library/Frameworks/OpenGL.framework/Versions/A/Libraries/libCVMSPluginSupport.dylib
0x00000000072c0000 	/System/Library/Frameworks/OpenGL.framework/Versions/A/Libraries/libCoreVMClient.dylib
0x00000000072c0000 	/usr/lib/libcups.2.dylib
0x00000000072c0000 	/System/Library/Frameworks/Kerberos.framework/Versions/A/Kerberos
0x00000000072c0000 	/System/Library/Frameworks/GSS.framework/Versions/A/GSS
0x00000000072c0000 	/usr/lib/libresolv.9.dylib
0x00000000072c0000 	/usr/lib/libiconv.2.dylib
0x00000000072c0000 	/System/Library/PrivateFrameworks/Heimdal.framework/Versions/A/Heimdal
0x00000000072c0000 	/usr/lib/libheimdal-asn1.dylib
0x00000000072c0000 	/System/Library/Frameworks/OpenDirectory.framework/Versions/A/OpenDirectory
0x00000000072c0000 	/System/Library/PrivateFrameworks/CommonAuth.framework/Versions/A/CommonAuth
0x00000000072c0000 	/System/Library/Frameworks/OpenDirectory.framework/Versions/A/Frameworks/CFOpenDirectory.framework/Versions/A/CFOpenDirectory
0x00000000072c0000 	/System/Library/Frameworks/SecurityFoundation.framework/Versions/A/SecurityFoundation
0x00000000072c0000 	/System/Library/PrivateFrameworks/APFS.framework/Versions/A/APFS
0x00000000072c0000 	/usr/lib/libutil.dylib
0x00000000072c0000 	/System/Library/PrivateFrameworks/AppleSauce.framework/Versions/A/AppleSauce
0x00000000072c0000 	/System/Library/PrivateFrameworks/LinguisticData.framework/Versions/A/LinguisticData
0x00000000072c0000 	/usr/lib/libmarisa.dylib
0x00000000072c0000 	/System/Library/PrivateFrameworks/Lexicon.framework/Versions/A/Lexicon
0x00000000072c0000 	/usr/lib/libChineseTokenizer.dylib
0x00000000072c0000 	/usr/lib/libcmph.dylib
0x00000000072c0000 	/System/Library/PrivateFrameworks/LanguageModeling.framework/Versions/A/LanguageModeling
0x00000000072c0000 	/System/Library/PrivateFrameworks/CoreEmoji.framework/Versions/A/CoreEmoji
0x00000000072c0000 	/System/Library/Frameworks/ServiceManagement.framework/Versions/A/ServiceManagement
0x00000000072c0000 	/System/Library/PrivateFrameworks/BackgroundTaskManagement.framework/Versions/A/BackgroundTaskManagement
0x00000000072c0000 	/usr/lib/libxslt.1.dylib
0x00000000072c0000 	/System/Library/Frameworks/Carbon.framework/Versions/A/Frameworks/Ink.framework/Versions/A/Ink
0x00000000072c0000 	/System/Library/PrivateFrameworks/TextureIO.framework/Versions/A/TextureIO
0x00000000072c0000 	/usr/lib/libate.dylib
0x00000000072c0000 	/System/Library/PrivateFrameworks/CrashReporterSupport.framework/Versions/A/CrashReporterSupport
0x00000000072c0000 	/System/Library/PrivateFrameworks/Sharing.framework/Versions/A/Sharing
0x00000000072c0000 	/System/Library/PrivateFrameworks/IconServices.framework/Versions/A/IconServices
0x00000000072c0000 	/System/Library/PrivateFrameworks/AuthKit.framework/Versions/A/AuthKit
0x00000000072c0000 	/System/Library/PrivateFrameworks/Apple80211.framework/Versions/A/Apple80211
0x00000000072c0000 	/System/Library/PrivateFrameworks/CoreUtils.framework/Versions/A/CoreUtils
0x00000000072c0000 	/System/Library/Frameworks/CoreWLAN.framework/Versions/A/CoreWLAN
0x00000000072c0000 	/System/Library/Frameworks/IOBluetooth.framework/Versions/A/IOBluetooth
0x00000000072c0000 	/System/Library/PrivateFrameworks/ProtocolBuffer.framework/Versions/A/ProtocolBuffer
0x00000000072c0000 	/System/Library/PrivateFrameworks/MobileKeyBag.framework/Versions/A/MobileKeyBag
0x00000000072c0000 	/System/Library/PrivateFrameworks/CorePhoneNumbers.framework/Versions/A/CorePhoneNumbers
0x00000000072c0000 	/System/Library/PrivateFrameworks/AppleIDAuthSupport.framework/Versions/A/AppleIDAuthSupport
0x00000000072c0000 	/System/Library/PrivateFrameworks/KeychainCircle.framework/Versions/A/KeychainCircle
0x00000000072c0000 	/System/Library/PrivateFrameworks/CoreWiFi.framework/Versions/A/CoreWiFi
0x00000000072c0000 	/System/Library/Frameworks/CoreBluetooth.framework/Versions/A/CoreBluetooth
0x00000000072c0000 	/System/Library/PrivateFrameworks/DebugSymbols.framework/Versions/A/DebugSymbols
0x00000000072c0000 	/System/Library/PrivateFrameworks/CoreSymbolication.framework/Versions/A/CoreSymbolication
0x00000000072c0000 	/System/Library/PrivateFrameworks/Symbolication.framework/Versions/A/Symbolication
0x00000000072c0000 	/System/Library/PrivateFrameworks/AppleFSCompression.framework/Versions/A/AppleFSCompression
0x00000000072c0000 	/System/Library/PrivateFrameworks/SpeechRecognitionCore.framework/Versions/A/SpeechRecognitionCore
0x000000010cf5b000 	/Applications/Android Studio.app/Contents/jre/jdk/Contents/Home/jre/lib/server/libjvm.dylib
0x00000000072c0000 	/usr/lib/libstdc++.6.0.9.dylib
0x000000010e200000 	/Applications/Android Studio.app/Contents/jre/jdk/Contents/Home/jre/lib/libverify.dylib
0x000000010e20c000 	/Applications/Android Studio.app/Contents/jre/jdk/Contents/Home/jre/lib/libjava.dylib
0x000000010e288000 	/Applications/Android Studio.app/Contents/jre/jdk/Contents/Home/jre/lib/libzip.dylib
0x0000000113edc000 	/Applications/Android Studio.app/Contents/jre/jdk/Contents/Home/jre/lib/libnet.dylib
0x0000000113f3b000 	/Applications/Android Studio.app/Contents/jre/jdk/Contents/Home/jre/lib/libnio.dylib
0x0000000113f8e000 	/Users/carlfowler/.gradle/native/25/osx-amd64/libnative-platform.dylib
0x0000000114313000 	/Applications/Android Studio.app/Contents/jre/jdk/Contents/Home/jre/lib/libmanagement.dylib
0x00000001160e9000 	/Applications/Android Studio.app/Contents/jre/jdk/Contents/Home/jre/lib/libawt.dylib
0x00000001169f8000 	/Applications/Android Studio.app/Contents/jre/jdk/Contents/Home/jre/lib/./libmlib_image.dylib
0x00000000072c0000 	/System/Library/Frameworks/JavaVM.framework/Versions/A/Frameworks/JavaNativeFoundation.framework/Versions/A/JavaNativeFoundation
0x00000000072c0000 	/System/Library/Frameworks/JavaVM.framework/Versions/A/Frameworks/JavaRuntimeSupport.framework/Versions/A/JavaRuntimeSupport
0x00000000072c0000 	/System/Library/Frameworks/JavaVM.framework/Versions/A/JavaVM
0x00000000072c0000 	/System/Library/PrivateFrameworks/JavaLaunching.framework/Versions/A/JavaLaunching
0x00000000072c0000 	/System/Library/Frameworks/Carbon.framework/Versions/A/Carbon
0x00000000072c0000 	/System/Library/Frameworks/Carbon.framework/Versions/A/Frameworks/CommonPanels.framework/Versions/A/CommonPanels
0x00000000072c0000 	/System/Library/Frameworks/Carbon.framework/Versions/A/Frameworks/Help.framework/Versions/A/Help
0x00000000072c0000 	/System/Library/Frameworks/Carbon.framework/Versions/A/Frameworks/ImageCapture.framework/Versions/A/ImageCapture
0x00000000072c0000 	/System/Library/Frameworks/Carbon.framework/Versions/A/Frameworks/OpenScripting.framework/Versions/A/OpenScripting
0x00000000072c0000 	/System/Library/Frameworks/Carbon.framework/Versions/A/Frameworks/Print.framework/Versions/A/Print
0x00000000072c0000 	/System/Library/Frameworks/Carbon.framework/Versions/A/Frameworks/SecurityHI.framework/Versions/A/SecurityHI
0x0000000116ab2000 	/Applications/Android Studio.app/Contents/jre/jdk/Contents/Home/jre/lib/libawt_lwawt.dylib
0x0000000114bb0000 	/Applications/Android Studio.app/Contents/jre/jdk/Contents/Home/jre/lib/./libosxapp.dylib
0x00000000072c0000 	/System/Library/Frameworks/ExceptionHandling.framework/Versions/A/ExceptionHandling

VM Arguments:
jvm_args: -Xmx1536m -Dfile.encoding=UTF-8 -Duser.country=US -Duser.language=en -Duser.variant 
java_command: org.gradle.launcher.daemon.bootstrap.GradleDaemon 4.6
java_class_path (initial): /Users/carlfowler/.gradle/wrapper/dists/gradle-4.6-all/bcst21l2brirad8k2ben1letg/gradle-4.6/lib/gradle-launcher-4.6.jar
Launcher Type: SUN_STANDARD

Environment Variables:
PATH=/usr/local/bin:/usr/bin:/bin:/usr/sbin:/sbin:/usr/local/share/dotnet:~/.dotnet/tools:/Library/Frameworks/Mono.framework/Versions/Current/Commands:/Applications/Xamarin Workbooks.app/Contents/SharedSupport/path-bin
SHELL=/bin/bash

Signal Handlers:
SIGSEGV: [libjvm.dylib+0x570b99], sa_mask[0]=11111111011111110111111111111111, sa_flags=SA_ONSTACK|SA_RESTART|SA_SIGINFO
SIGBUS: [libjvm.dylib+0x570b99], sa_mask[0]=11111111011111110111111111111111, sa_flags=SA_RESTART|SA_SIGINFO
SIGFPE: [libjvm.dylib+0x461f7d], sa_mask[0]=11111111011111110111111111111111, sa_flags=SA_RESTART|SA_SIGINFO
SIGPIPE: [libjvm.dylib+0x461f7d], sa_mask[0]=11111111011111110111111111111111, sa_flags=SA_RESTART|SA_SIGINFO
SIGXFSZ: [libjvm.dylib+0x461f7d], sa_mask[0]=11111111011111110111111111111111, sa_flags=SA_RESTART|SA_SIGINFO
SIGILL: [libjvm.dylib+0x461f7d], sa_mask[0]=11111111011111110111111111111111, sa_flags=SA_RESTART|SA_SIGINFO
SIGUSR1: SIG_DFL, sa_mask[0]=00000000000000000000000000000000, sa_flags=none
SIGUSR2: [libjvm.dylib+0x46288e], sa_mask[0]=00100000000000000000000000000000, sa_flags=SA_RESTART|SA_SIGINFO
SIGHUP: [libjvm.dylib+0x460a77], sa_mask[0]=11111111011111110111111111111111, sa_flags=SA_RESTART|SA_SIGINFO
SIGINT: [libjvm.dylib+0x460a77], sa_mask[0]=11111111011111110111111111111111, sa_flags=SA_RESTART|SA_SIGINFO
SIGTERM: [libjvm.dylib+0x460a77], sa_mask[0]=11111111011111110111111111111111, sa_flags=SA_RESTART|SA_SIGINFO
SIGQUIT: [libjvm.dylib+0x460a77], sa_mask[0]=11111111011111110111111111111111, sa_flags=SA_RESTART|SA_SIGINFO


---------------  S Y S T E M  ---------------

OS:Bsduname:Darwin 17.7.0 Darwin Kernel Version 17.7.0: Wed Feb 27 00:43:23 PST 2019; root:xnu-4570.71.35~1/RELEASE_X86_64 x86_64
rlimit: STACK 8192k, CORE 0k, NPROC 709, NOFILE 10240, AS infinity
load average:8.25 3.63 2.80

CPU:total 4 (initial active 4) (2 cores per cpu, 2 threads per core) family 6 model 37 stepping 5, cmov, cx8, fxsr, mmx, sse, sse2, sse3, ssse3, sse4.1, sse4.2, popcnt, aes, clmul, ht, tsc, tscinvbit

Memory: 4k page, physical 8388608k(23468k free)

/proc/meminfo:


vm_info: OpenJDK 64-Bit Server VM (25.152-b06) for bsd-amd64 JRE (1.8.0_152-release-1136-b06), built by "builder" with gcc 4.2.1 Compatible Apple LLVM 9.1.0 (clang-902.0.39.2)

time: Wed May 29 15:43:14 2019
elapsed time: 10576 seconds (0d 2h 56m 16s)

